#
# There is insufficient memory for the Java Runtime Environment to continue.
# Native memory allocation (malloc) failed to allocate 2346736 bytes for Chunk::new
# Possible reasons:
#   The system is out of physical RAM or swap space
#   In 32 bit mode, the process size limit was hit
# Possible solutions:
#   Reduce memory load on the system
#   Increase physical memory or swap space
#   Check if swap backing store is full
#   Use 64 bit Java on a 64 bit OS
#   Decrease Java heap size (-Xmx/-Xms)
#   Decrease number of Java threads
#   Decrease Java thread stack sizes (-Xss)
#   Set larger code cache with -XX:ReservedCodeCacheSize=
# This output file may be truncated or incomplete.
#
#  Out of Memory Error (allocation.cpp:390), pid=18800, tid=0x0000000000004ab4
#
# JRE version: Java(TM) SE Runtime Environment (8.0_111-b14) (build 1.8.0_111-b14)
# Java VM: Java HotSpot(TM) 64-Bit Server VM (25.111-b14 mixed mode windows-amd64 compressed oops)
# Failed to write core dump. Minidumps are not enabled by default on client versions of Windows
#

---------------  T H R E A D  ---------------

Current thread (0x000000001714f000):  JavaThread "C2 CompilerThread1" daemon [_thread_in_native, id=19124, stack(0x0000000017a30000,0x0000000017b30000)]

Stack: [0x0000000017a30000,0x0000000017b30000]
[error occurred during error reporting (printing stack bounds), id 0xc0000005]

Native frames: (J=compiled Java code, j=interpreted, Vv=VM code, C=native code)


Current CompileTask:
C2:  20317 4900       4       java.net.URLClassLoader$1::run (5 bytes)


---------------  P R O C E S S  ---------------

Java Threads: ( => current thread )
  0x0000000017178000 JavaThread "Service Thread" daemon [_thread_blocked, id=19512, stack(0x0000000017d30000,0x0000000017e30000)]
  0x0000000017160800 JavaThread "C1 CompilerThread3" daemon [_thread_blocked, id=7624, stack(0x0000000017c30000,0x0000000017d30000)]
  0x0000000017158000 JavaThread "C2 CompilerThread2" daemon [_thread_in_native, id=20348, stack(0x0000000017b30000,0x0000000017c30000)]
=>0x000000001714f000 JavaThread "C2 CompilerThread1" daemon [_thread_in_native, id=19124, stack(0x0000000017a30000,0x0000000017b30000)]
  0x000000001714a800 JavaThread "C2 CompilerThread0" daemon [_thread_in_native, id=2112, stack(0x0000000017930000,0x0000000017a30000)]
  0x0000000017148800 JavaThread "Attach Listener" daemon [_thread_blocked, id=19796, stack(0x0000000017830000,0x0000000017930000)]
  0x000000001523e800 JavaThread "Signal Dispatcher" daemon [_thread_blocked, id=18324, stack(0x0000000017730000,0x0000000017830000)]
  0x0000000017140800 JavaThread "Finalizer" daemon [_thread_blocked, id=19640, stack(0x0000000017520000,0x0000000017620000)]
  0x000000001522d000 JavaThread "Reference Handler" daemon [_thread_blocked, id=20068, stack(0x0000000017020000,0x0000000017120000)]
  0x00000000025ee800 JavaThread "main" [_thread_in_vm, id=20152, stack(0x00000000026b0000,0x00000000027b0000)]

Other Threads:
  0x0000000015228000 VMThread [stack: 0x0000000016f20000,0x0000000017020000] [id=19596]
  0x000000001717b800 WatcherThread [stack: 0x0000000017e30000,0x0000000017f30000] [id=13696]

VM state:not at safepoint (normal execution)

VM Mutex/Monitor currently owned by a thread: None

Heap:
 PSYoungGen      total 136192K, used 103894K [0x00000000eb980000, 0x00000000f4880000, 0x0000000100000000)
  eden space 126976K, 81% used [0x00000000eb980000,0x00000000f1ef5bf0,0x00000000f3580000)
  from space 9216K, 0% used [0x00000000f3f80000,0x00000000f3f80000,0x00000000f4880000)
  to   space 9728K, 0% used [0x00000000f3580000,0x00000000f3580000,0x00000000f3f00000)
 ParOldGen       total 43008K, used 12889K [0x00000000c2c00000, 0x00000000c5600000, 0x00000000eb980000)
  object space 43008K, 29% used [0x00000000c2c00000,0x00000000c3896790,0x00000000c5600000)
 Metaspace       used 27346K, capacity 28234K, committed 28416K, reserved 1075200K
  class space    used 3304K, capacity 3536K, committed 3584K, reserved 1048576K

Card table byte_map: [0x0000000011c70000,0x0000000011e60000] byte_map_base: 0x000000001165a000

Marking Bits: (ParMarkBitMap*) 0x000000005535a6c0
 Begin Bits: [0x00000000127b0000, 0x0000000013700000)
 End Bits:   [0x0000000013700000, 0x0000000014650000)

Polling page: 0x00000000025d0000

CodeCache: size=245760Kb used=17319Kb max_used=17331Kb free=228440Kb
 bounds [0x00000000028b0000, 0x00000000039b0000, 0x00000000118b0000]
 total_blobs=5245 nmethods=4827 adapters=330
 compilation: enabled

Compilation events (10 events):
Event: 20.299 Thread 0x000000001714a800 nmethod 5172 0x00000000039a7dd0 code [0x00000000039a7f20, 0x00000000039a8018]
Event: 20.299 Thread 0x000000001714a800 5072       4       com.sun.tools.javac.code.Scope::lookup (9 bytes)
Event: 20.299 Thread 0x000000001714a800 nmethod 5072 0x00000000039a7b50 code [0x00000000039a7ca0, 0x00000000039a7d38]
Event: 20.299 Thread 0x000000001714a800 5127       4       com.sun.tools.javac.code.Type$ClassType::accept (9 bytes)
Event: 20.300 Thread 0x000000001714a800 nmethod 5127 0x00000000039a7910 code [0x00000000039a7a40, 0x00000000039a7ab8]
Event: 20.300 Thread 0x000000001714a800 4926       4       com.sun.tools.javac.jvm.ClassReader::nextChar (46 bytes)
Event: 20.301 Thread 0x000000001714a800 nmethod 4926 0x00000000039a7650 code [0x00000000039a7780, 0x00000000039a7858]
Event: 20.301 Thread 0x000000001714a800 5089       4       com.sun.tools.javac.util.SharedNameTable$NameImpl::getByteArray (11 bytes)
Event: 20.302 Thread 0x000000001714a800 nmethod 5089 0x00000000039a7390 code [0x00000000039a74e0, 0x00000000039a7578]
Event: 20.302 Thread 0x000000001714a800 5116       4       com.sun.tools.javac.code.Scope::enter (145 bytes)

GC Heap History (10 events):
Event: 4.974 GC heap before
{Heap before GC invocations=3 (full 0):
 PSYoungGen      total 34304K, used 34295K [0x00000000eb980000, 0x00000000edd80000, 0x0000000100000000)
  eden space 31744K, 100% used [0x00000000eb980000,0x00000000ed880000,0x00000000ed880000)
  from space 2560K, 99% used [0x00000000edb00000,0x00000000edd7df28,0x00000000edd80000)
  to   space 2560K, 0% used [0x00000000ed880000,0x00000000ed880000,0x00000000edb00000)
 ParOldGen       total 42496K, used 2244K [0x00000000c2c00000, 0x00000000c5580000, 0x00000000eb980000)
  object space 42496K, 5% used [0x00000000c2c00000,0x00000000c2e31398,0x00000000c5580000)
 Metaspace       used 12080K, capacity 12366K, committed 12672K, reserved 1060864K
  class space    used 1503K, capacity 1597K, committed 1664K, reserved 1048576K
Event: 4.991 GC heap after
Heap after GC invocations=3 (full 0):
 PSYoungGen      total 34304K, used 2544K [0x00000000eb980000, 0x00000000efc80000, 0x0000000100000000)
  eden space 31744K, 0% used [0x00000000eb980000,0x00000000eb980000,0x00000000ed880000)
  from space 2560K, 99% used [0x00000000ed880000,0x00000000edafc010,0x00000000edb00000)
  to   space 2560K, 0% used [0x00000000efa00000,0x00000000efa00000,0x00000000efc80000)
 ParOldGen       total 42496K, used 6164K [0x00000000c2c00000, 0x00000000c5580000, 0x00000000eb980000)
  object space 42496K, 14% used [0x00000000c2c00000,0x00000000c3205380,0x00000000c5580000)
 Metaspace       used 12080K, capacity 12366K, committed 12672K, reserved 1060864K
  class space    used 1503K, capacity 1597K, committed 1664K, reserved 1048576K
}
Event: 6.924 GC heap before
{Heap before GC invocations=4 (full 0):
 PSYoungGen      total 34304K, used 34288K [0x00000000eb980000, 0x00000000efc80000, 0x0000000100000000)
  eden space 31744K, 100% used [0x00000000eb980000,0x00000000ed880000,0x00000000ed880000)
  from space 2560K, 99% used [0x00000000ed880000,0x00000000edafc010,0x00000000edb00000)
  to   space 2560K, 0% used [0x00000000efa00000,0x00000000efa00000,0x00000000efc80000)
 ParOldGen       total 42496K, used 6164K [0x00000000c2c00000, 0x00000000c5580000, 0x00000000eb980000)
  object space 42496K, 14% used [0x00000000c2c00000,0x00000000c3205380,0x00000000c5580000)
 Metaspace       used 15889K, capacity 16250K, committed 16256K, reserved 1062912K
  class space    used 2031K, capacity 2172K, committed 2176K, reserved 1048576K
Event: 6.944 GC heap after
Heap after GC invocations=4 (full 0):
 PSYoungGen      total 66048K, used 2544K [0x00000000eb980000, 0x00000000efc80000, 0x0000000100000000)
  eden space 63488K, 0% used [0x00000000eb980000,0x00000000eb980000,0x00000000ef780000)
  from space 2560K, 99% used [0x00000000efa00000,0x00000000efc7c030,0x00000000efc80000)
  to   space 2560K, 0% used [0x00000000ef780000,0x00000000ef780000,0x00000000efa00000)
 ParOldGen       total 42496K, used 10709K [0x00000000c2c00000, 0x00000000c5580000, 0x00000000eb980000)
  object space 42496K, 25% used [0x00000000c2c00000,0x00000000c3675560,0x00000000c5580000)
 Metaspace       used 15889K, capacity 16250K, committed 16256K, reserved 1062912K
  class space    used 2031K, capacity 2172K, committed 2176K, reserved 1048576K
}
Event: 10.394 GC heap before
{Heap before GC invocations=5 (full 0):
 PSYoungGen      total 66048K, used 66032K [0x00000000eb980000, 0x00000000efc80000, 0x0000000100000000)
  eden space 63488K, 100% used [0x00000000eb980000,0x00000000ef780000,0x00000000ef780000)
  from space 2560K, 99% used [0x00000000efa00000,0x00000000efc7c030,0x00000000efc80000)
  to   space 2560K, 0% used [0x00000000ef780000,0x00000000ef780000,0x00000000efa00000)
 ParOldGen       total 42496K, used 10709K [0x00000000c2c00000, 0x00000000c5580000, 0x00000000eb980000)
  object space 42496K, 25% used [0x00000000c2c00000,0x00000000c3675560,0x00000000c5580000)
 Metaspace       used 19356K, capacity 19942K, committed 19968K, reserved 1067008K
  class space    used 2380K, capacity 2552K, committed 2560K, reserved 1048576K
Event: 10.432 GC heap after
Heap after GC invocations=5 (full 0):
 PSYoungGen      total 66048K, used 2544K [0x00000000eb980000, 0x00000000f4980000, 0x0000000100000000)
  eden space 63488K, 0% used [0x00000000eb980000,0x00000000eb980000,0x00000000ef780000)
  from space 2560K, 99% used [0x00000000ef780000,0x00000000ef9fc030,0x00000000efa00000)
  to   space 10240K, 0% used [0x00000000f3f80000,0x00000000f3f80000,0x00000000f4980000)
 ParOldGen       total 42496K, used 17201K [0x00000000c2c00000, 0x00000000c5580000, 0x00000000eb980000)
  object space 42496K, 40% used [0x00000000c2c00000,0x00000000c3ccc450,0x00000000c5580000)
 Metaspace       used 19356K, capacity 19942K, committed 19968K, reserved 1067008K
  class space    used 2380K, capacity 2552K, committed 2560K, reserved 1048576K
}
Event: 14.528 GC heap before
{Heap before GC invocations=6 (full 0):
 PSYoungGen      total 66048K, used 65465K [0x00000000eb980000, 0x00000000f4980000, 0x0000000100000000)
  eden space 63488K, 99% used [0x00000000eb980000,0x00000000ef6f24f8,0x00000000ef780000)
  from space 2560K, 99% used [0x00000000ef780000,0x00000000ef9fc030,0x00000000efa00000)
  to   space 10240K, 0% used [0x00000000f3f80000,0x00000000f3f80000,0x00000000f4980000)
 ParOldGen       total 42496K, used 17201K [0x00000000c2c00000, 0x00000000c5580000, 0x00000000eb980000)
  object space 42496K, 40% used [0x00000000c2c00000,0x00000000c3ccc450,0x00000000c5580000)
 Metaspace       used 20513K, capacity 21196K, committed 21296K, reserved 1069056K
  class space    used 2466K, capacity 2662K, committed 2688K, reserved 1048576K
Event: 14.547 GC heap after
Heap after GC invocations=6 (full 0):
 PSYoungGen      total 136192K, used 6372K [0x00000000eb980000, 0x00000000f4880000, 0x0000000100000000)
  eden space 126976K, 0% used [0x00000000eb980000,0x00000000eb980000,0x00000000f3580000)
  from space 9216K, 69% used [0x00000000f3f80000,0x00000000f45b90c0,0x00000000f4880000)
  to   space 9728K, 0% used [0x00000000f3580000,0x00000000f3580000,0x00000000f3f00000)
 ParOldGen       total 42496K, used 17209K [0x00000000c2c00000, 0x00000000c5580000, 0x00000000eb980000)
  object space 42496K, 40% used [0x00000000c2c00000,0x00000000c3cce450,0x00000000c5580000)
 Metaspace       used 20513K, capacity 21196K, committed 21296K, reserved 1069056K
  class space    used 2466K, capacity 2662K, committed 2688K, reserved 1048576K
}
Event: 14.547 GC heap before
{Heap before GC invocations=7 (full 1):
 PSYoungGen      total 136192K, used 6372K [0x00000000eb980000, 0x00000000f4880000, 0x0000000100000000)
  eden space 126976K, 0% used [0x00000000eb980000,0x00000000eb980000,0x00000000f3580000)
  from space 9216K, 69% used [0x00000000f3f80000,0x00000000f45b90c0,0x00000000f4880000)
  to   space 9728K, 0% used [0x00000000f3580000,0x00000000f3580000,0x00000000f3f00000)
 ParOldGen       total 42496K, used 17209K [0x00000000c2c00000, 0x00000000c5580000, 0x00000000eb980000)
  object space 42496K, 40% used [0x00000000c2c00000,0x00000000c3cce450,0x00000000c5580000)
 Metaspace       used 20513K, capacity 21196K, committed 21296K, reserved 1069056K
  class space    used 2466K, capacity 2662K, committed 2688K, reserved 1048576K
Event: 14.646 GC heap after
Heap after GC invocations=7 (full 1):
 PSYoungGen      total 136192K, used 0K [0x00000000eb980000, 0x00000000f4880000, 0x0000000100000000)
  eden space 126976K, 0% used [0x00000000eb980000,0x00000000eb980000,0x00000000f3580000)
  from space 9216K, 0% used [0x00000000f3f80000,0x00000000f3f80000,0x00000000f4880000)
  to   space 9728K, 0% used [0x00000000f3580000,0x00000000f3580000,0x00000000f3f00000)
 ParOldGen       total 43008K, used 12889K [0x00000000c2c00000, 0x00000000c5600000, 0x00000000eb980000)
  object space 43008K, 29% used [0x00000000c2c00000,0x00000000c3896790,0x00000000c5600000)
 Metaspace       used 20513K, capacity 21196K, committed 21296K, reserved 1069056K
  class space    used 2466K, capacity 2662K, committed 2688K, reserved 1048576K
}

Deoptimization events (10 events):
Event: 18.459 Thread 0x00000000025ee800 Uncommon trap: reason=unstable_if action=reinterpret pc=0x0000000002a72458 method=java.net.URLStreamHandler.parseURL(Ljava/net/URL;Ljava/lang/String;II)V @ 890
Event: 18.543 Thread 0x00000000025ee800 Uncommon trap: reason=unstable_if action=reinterpret pc=0x0000000002c9113c method=java.lang.CharacterDataLatin1.isWhitespace(I)Z @ 14
Event: 18.591 Thread 0x00000000025ee800 Uncommon trap: reason=unstable_if action=reinterpret pc=0x0000000003726dac method=com.sun.tools.javac.util.ArrayUtils.ensureCapacity([CI)[C @ 3
Event: 18.598 Thread 0x00000000025ee800 Uncommon trap: reason=unstable_if action=reinterpret pc=0x0000000002bd0088 method=com.sun.tools.javac.parser.UnicodeReader.scanChar()V @ 37
Event: 18.722 Thread 0x00000000025ee800 Uncommon trap: reason=unstable_if action=reinterpret pc=0x00000000037dba08 method=com.sun.tools.javac.util.Position$LineMapImpl.build([CI)V @ 42
Event: 18.726 Thread 0x00000000025ee800 Uncommon trap: reason=unstable_if action=reinterpret pc=0x00000000037c2208 method=com.sun.tools.javac.util.Position$LineMapImpl.build([CI)V @ 102
Event: 18.760 Thread 0x00000000025ee800 Uncommon trap: reason=unstable_if action=reinterpret pc=0x00000000029e2300 method=java.lang.CharacterData.of(I)Ljava/lang/CharacterData; @ 4
Event: 18.776 Thread 0x00000000025ee800 Uncommon trap: reason=unstable_if action=reinterpret pc=0x0000000002bcfd14 method=com.sun.tools.javac.parser.UnicodeReader.scanChar()V @ 37
Event: 19.470 Thread 0x00000000025ee800 Uncommon trap: reason=unstable_if action=reinterpret pc=0x00000000037579b0 method=com.sun.tools.javac.util.Name$Table.equals([BI[BII)Z @ 22
Event: 20.039 Thread 0x00000000025ee800 Uncommon trap: reason=unstable_if action=reinterpret pc=0x000000000380dc08 method=com.sun.tools.javac.util.Name$Table.equals([BI[BII)Z @ 22

Internal exceptions (10 events):
Event: 18.424 Thread 0x00000000025ee800 Exception <a 'java/security/PrivilegedActionException'> (0x00000000efaac010) thrown at [C:\re\workspace\8-2-build-windows-amd64-cygwin\jdk8u111\7883\hotspot\src\share\vm\prims\jvm.cpp, line 1386]
Event: 18.424 Thread 0x00000000025ee800 Exception <a 'java/security/PrivilegedActionException'> (0x00000000efaac408) thrown at [C:\re\workspace\8-2-build-windows-amd64-cygwin\jdk8u111\7883\hotspot\src\share\vm\prims\jvm.cpp, line 1386]
Event: 18.424 Thread 0x00000000025ee800 Exception <a 'java/security/PrivilegedActionException'> (0x00000000efaad8d8) thrown at [C:\re\workspace\8-2-build-windows-amd64-cygwin\jdk8u111\7883\hotspot\src\share\vm\prims\jvm.cpp, line 1386]
Event: 18.424 Thread 0x00000000025ee800 Exception <a 'java/security/PrivilegedActionException'> (0x00000000efaadcd0) thrown at [C:\re\workspace\8-2-build-windows-amd64-cygwin\jdk8u111\7883\hotspot\src\share\vm\prims\jvm.cpp, line 1386]
Event: 19.147 Thread 0x00000000025ee800 Exception <a 'java/io/FileNotFoundException'> (0x00000000f0902be8) thrown at [C:\re\workspace\8-2-build-windows-amd64-cygwin\jdk8u111\7883\hotspot\src\share\vm\prims\jni.cpp, line 709]
Event: 19.161 Thread 0x00000000025ee800 Exception <a 'java/io/FileNotFoundException'> (0x00000000f0937028) thrown at [C:\re\workspace\8-2-build-windows-amd64-cygwin\jdk8u111\7883\hotspot\src\share\vm\prims\jni.cpp, line 709]
Event: 19.282 Thread 0x00000000025ee800 Exception <a 'java/io/FileNotFoundException'> (0x00000000f0d27798) thrown at [C:\re\workspace\8-2-build-windows-amd64-cygwin\jdk8u111\7883\hotspot\src\share\vm\prims\jni.cpp, line 709]
Event: 19.282 Thread 0x00000000025ee800 Exception <a 'java/io/FileNotFoundException'> (0x00000000f0d286d0) thrown at [C:\re\workspace\8-2-build-windows-amd64-cygwin\jdk8u111\7883\hotspot\src\share\vm\prims\jni.cpp, line 709]
Event: 19.282 Thread 0x00000000025ee800 Exception <a 'java/io/FileNotFoundException'> (0x00000000f0d29630) thrown at [C:\re\workspace\8-2-build-windows-amd64-cygwin\jdk8u111\7883\hotspot\src\share\vm\prims\jni.cpp, line 709]
Event: 19.282 Thread 0x00000000025ee800 Exception <a 'java/io/FileNotFoundException'> (0x00000000f0d2a5a0) thrown at [C:\re\workspace\8-2-build-windows-amd64-cygwin\jdk8u111\7883\hotspot\src\share\vm\prims\jni.cpp, line 709]

Events (10 events):
Event: 20.290 loading class com/sun/tools/javac/util/Bits
Event: 20.290 loading class com/sun/tools/javac/util/Bits done
Event: 20.293 loading class com/sun/tools/javac/util/Bits$BitsState
Event: 20.293 loading class com/sun/tools/javac/util/Bits$BitsState done
Event: 20.297 loading class com/sun/tools/javac/util/Bits$1
Event: 20.297 loading class com/sun/tools/javac/util/Bits$1 done
Event: 20.298 loading class com/sun/tools/javac/comp/Flow$FlowAnalyzer
Event: 20.298 loading class com/sun/tools/javac/comp/Flow$FlowAnalyzer done
Event: 20.302 loading class com/sun/tools/javac/comp/Flow$FlowAnalyzer$FlowPendingExit
Event: 20.302 loading class com/sun/tools/javac/comp/Flow$FlowAnalyzer$FlowPendingExit done


Dynamic libraries:
0x00007ff6e1a00000 - 0x00007ff6e1a37000 	C:\Program Files\Java\jdk1.8.0_111\bin\java.exe
0x00007ffacb150000 - 0x00007ffacb366000 	C:\WINDOWS\SYSTEM32\ntdll.dll
0x00007ffac96e0000 - 0x00007ffac97a4000 	C:\WINDOWS\System32\KERNEL32.DLL
0x00007ffac8710000 - 0x00007ffac8ab6000 	C:\WINDOWS\System32\KERNELBASE.dll
0x00007ffaca8a0000 - 0x00007ffaca952000 	C:\WINDOWS\System32\ADVAPI32.dll
0x00007ffac90d0000 - 0x00007ffac9177000 	C:\WINDOWS\System32\msvcrt.dll
0x00007ffac98d0000 - 0x00007ffac9978000 	C:\WINDOWS\System32\sechost.dll
0x00007ffac8ac0000 - 0x00007ffac8ae8000 	C:\WINDOWS\System32\bcrypt.dll
0x00007ffac97b0000 - 0x00007ffac98c5000 	C:\WINDOWS\System32\RPCRT4.dll
0x00007ffac9220000 - 0x00007ffac93cd000 	C:\WINDOWS\System32\USER32.dll
0x00007ffac85b0000 - 0x00007ffac85d6000 	C:\WINDOWS\System32\win32u.dll
0x00007ffac9000000 - 0x00007ffac9029000 	C:\WINDOWS\System32\GDI32.dll
0x00007ffac8c10000 - 0x00007ffac8d28000 	C:\WINDOWS\System32\gdi32full.dll
0x00007ffac8490000 - 0x00007ffac852a000 	C:\WINDOWS\System32\msvcp_win.dll
0x00007ffac8af0000 - 0x00007ffac8c01000 	C:\WINDOWS\System32\ucrtbase.dll
0x00007ffaacfd0000 - 0x00007ffaad263000 	C:\WINDOWS\WinSxS\amd64_microsoft.windows.common-controls_6595b64144ccf1df_6.0.22621.3235_none_270f74e173860f98\COMCTL32.dll
0x00007ffacb010000 - 0x00007ffacb041000 	C:\WINDOWS\System32\IMM32.DLL
0x0000000054a60000 - 0x0000000054b32000 	C:\Program Files\Java\jdk1.8.0_111\jre\bin\msvcr100.dll
0x0000000054b40000 - 0x00000000553da000 	C:\Program Files\Java\jdk1.8.0_111\jre\bin\server\jvm.dll
0x00007ffacb100000 - 0x00007ffacb108000 	C:\WINDOWS\System32\PSAPI.DLL
0x00007ffac31f0000 - 0x00007ffac31f9000 	C:\WINDOWS\SYSTEM32\WSOCK32.dll
0x00007ffac0c20000 - 0x00007ffac0c2a000 	C:\WINDOWS\SYSTEM32\VERSION.dll
0x00007ffac9030000 - 0x00007ffac90a1000 	C:\WINDOWS\System32\WS2_32.dll
0x00007ffac0d30000 - 0x00007ffac0d64000 	C:\WINDOWS\SYSTEM32\WINMM.dll
0x0000000054a10000 - 0x0000000054a1f000 	C:\Program Files\Java\jdk1.8.0_111\jre\bin\verify.dll
0x00000000549e0000 - 0x0000000054a09000 	C:\Program Files\Java\jdk1.8.0_111\jre\bin\java.dll
0x00000000549c0000 - 0x00000000549d6000 	C:\Program Files\Java\jdk1.8.0_111\jre\bin\zip.dll
0x00007ffac9ee0000 - 0x00007ffaca73c000 	C:\WINDOWS\System32\SHELL32.dll
0x00007ffac63f0000 - 0x00007ffac6ce8000 	C:\WINDOWS\SYSTEM32\windows.storage.dll
0x00007ffacac80000 - 0x00007ffacb008000 	C:\WINDOWS\System32\combase.dll
0x00007ffac62b0000 - 0x00007ffac63ee000 	C:\WINDOWS\SYSTEM32\wintypes.dll
0x00007ffacab80000 - 0x00007ffacac73000 	C:\WINDOWS\System32\SHCORE.dll
0x00007ffaca740000 - 0x00007ffaca79e000 	C:\WINDOWS\System32\shlwapi.dll
0x00007ffac83c0000 - 0x00007ffac83e6000 	C:\WINDOWS\SYSTEM32\profapi.dll
0x0000000069ac0000 - 0x0000000069ae4000 	C:\Program Files\NetBeans-18\netbeans\java\maven\lib\jansi-native\Windows\x86_64\jansi.dll
0x00000000549a0000 - 0x00000000549ba000 	C:\Program Files\Java\jdk1.8.0_111\jre\bin\net.dll
0x00007ffac7950000 - 0x00007ffac79b9000 	C:\WINDOWS\system32\mswsock.dll
0x0000000054980000 - 0x0000000054991000 	C:\Program Files\Java\jdk1.8.0_111\jre\bin\nio.dll

VM Arguments:
jvm_args: -Dclassworlds.conf=C:\Program Files\NetBeans-18\netbeans\java\maven\bin\m2.conf -Dmaven.home=C:\Program Files\NetBeans-18\netbeans\java\maven -Dlibrary.jansi.path=C:\Program Files\NetBeans-18\netbeans\java\maven\lib\jansi-native -Dmaven.multiModuleProjectDirectory=E:\_code_hien\Project_JavaWeb\SWP391_NET1703_Wonderland 
java_command: org.codehaus.plexus.classworlds.launcher.Launcher -Dnetbeans.deploy=true -Dexec.vmArgs= -Dexec.appArgs= -Dmaven.ext.class.path=C:\Program Files\NetBeans-18\netbeans\java\maven-nblib\netbeans-eventspy.jar -Dfile.encoding=UTF-8 --no-transfer-progress package
java_class_path (initial): C:\Program Files\NetBeans-18\netbeans\java\maven\boot\plexus-classworlds-2.6.0.jar
Launcher Type: SUN_STANDARD

Environment Variables:
JAVA_HOME=C:\Program Files\Java\jdk1.8.0_111
PATH=C:\Program Files (x86)\VMware\VMware Workstation\bin\;C:\ProgramData\Oracle\Java\javapath;C:\WINDOWS\system32;C:\WINDOWS;C:\WINDOWS\System32\Wbem;C:\WINDOWS\System32\WindowsPowerShell\v1.0\;C:\WINDOWS\System32\OpenSSH\;C:\Program Files\Java\jdk1.8.0_111\bin;C:\Program Files\Microsoft SQL Server\Client SDK\ODBC\170\Tools\Binn\;C:\Program Files (x86)\Microsoft SQL Server\150\Tools\Binn\;C:\Program Files\Microsoft SQL Server\150\Tools\Binn\;C:\Program Files\Microsoft SQL Server\150\DTS\Binn\;C:\Program Files (x86)\Microsoft SQL Server\160\Tools\Binn\;C:\Program Files\Microsoft SQL Server\160\Tools\Binn\;C:\Program Files\Microsoft SQL Server\160\DTS\Binn\;C:\Program Files\Azure Data Studio\bin;C:\Users\Hp\Downloads\apache-maven-3.6.0\bin;C:\Program Files\Git\cmd;C:\Program Files (x86)\Microsoft SQL Server\160\DTS\Binn\;C:\Program Files\dotnet\;C:\Users\Hp\AppData\Local\Microsoft\WindowsApps;C:\Program Files\Java\jdk1.8.0_111\bin;C:\Users\Hp\AppData\Local\Programs\Microsoft VS Code\bin;C:\Program Files\Azure Data Studio\bin;C:\Users\Hp\Downloads\apache-maven-3.6.0\bin;C:\Users\Hp\.dotnet\tools;E:\Program Files\JetBrains\IntelliJ IDEA 2023.3.4\bin;
USERNAME=Hp
OS=Windows_NT
PROCESSOR_IDENTIFIER=Intel64 Family 6 Model 142 Stepping 12, GenuineIntel



---------------  S Y S T E M  ---------------

OS: Windows 10.0 , 64 bit Build 22621 (10.0.22621.3235)

CPU:total 8 (4 cores per cpu, 2 threads per core) family 6 model 142 stepping 12, cmov, cx8, fxsr, mmx, sse, sse2, sse3, ssse3, sse4.1, sse4.2, popcnt, avx, avx2, aes, clmul, erms, 3dnowpref, lzcnt, ht, tsc, tscinvbit, bmi1, bmi2, adx

Memory: 4k page, physical 4012660k(24308k free), swap 16071284k(6404k free)

vm_info: Java HotSpot(TM) 64-Bit Server VM (25.111-b14) for windows-amd64 JRE (1.8.0_111-b14), built on Sep 22 2016 19:24:05 by "java_re" with MS VC++ 10.0 (VS2010)

time: Wed Mar 13 13:58:28 2024
elapsed time: 20 seconds (0d 0h 0m 20s)

