#
# There is insufficient memory for the Java Runtime Environment to continue.
# Native memory allocation (malloc) failed to allocate 32744 bytes for ChunkPool::allocate
# Possible reasons:
#   The system is out of physical RAM or swap space
#   In 32 bit mode, the process size limit was hit
# Possible solutions:
#   Reduce memory load on the system
#   Increase physical memory or swap space
#   Check if swap backing store is full
#   Use 64 bit Java on a 64 bit OS
#   Decrease Java heap size (-Xmx/-Xms)
#   Decrease number of Java threads
#   Decrease Java thread stack sizes (-Xss)
#   Set larger code cache with -XX:ReservedCodeCacheSize=
# This output file may be truncated or incomplete.
#
#  Out of Memory Error (allocation.cpp:273), pid=13536, tid=0x0000000000000c64
#
# JRE version: Java(TM) SE Runtime Environment (8.0_111-b14) (build 1.8.0_111-b14)
# Java VM: Java HotSpot(TM) 64-Bit Server VM (25.111-b14 mixed mode windows-amd64 compressed oops)
# Failed to write core dump. Minidumps are not enabled by default on client versions of Windows
#

---------------  T H R E A D  ---------------

Current thread (0x0000000017bac800):  JavaThread "C2 CompilerThread0" daemon [_thread_in_native, id=3172, stack(0x0000000018380000,0x0000000018480000)]

Stack: [0x0000000018380000,0x0000000018480000]
[error occurred during error reporting (printing stack bounds), id 0xc0000005]

Native frames: (J=compiled Java code, j=interpreted, Vv=VM code, C=native code)


Current CompileTask:
C2:   3982 1652       4       java.net.URLClassLoader$1::run (5 bytes)


---------------  P R O C E S S  ---------------

Java Threads: ( => current thread )
  0x0000000017c43000 JavaThread "Service Thread" daemon [_thread_blocked, id=8056, stack(0x0000000018780000,0x0000000018880000)]
  0x0000000017bbe000 JavaThread "C1 CompilerThread3" daemon [_thread_blocked, id=8520, stack(0x0000000018680000,0x0000000018780000)]
  0x0000000017bbb800 JavaThread "C2 CompilerThread2" daemon [_thread_blocked, id=3644, stack(0x0000000018580000,0x0000000018680000)]
  0x0000000017bb3000 JavaThread "C2 CompilerThread1" daemon [_thread_blocked, id=6084, stack(0x0000000018480000,0x0000000018580000)]
=>0x0000000017bac800 JavaThread "C2 CompilerThread0" daemon [_thread_in_native, id=3172, stack(0x0000000018380000,0x0000000018480000)]
  0x0000000017baa800 JavaThread "Attach Listener" daemon [_thread_blocked, id=16652, stack(0x0000000018280000,0x0000000018380000)]
  0x0000000017ba9800 JavaThread "Signal Dispatcher" daemon [_thread_blocked, id=19636, stack(0x0000000018180000,0x0000000018280000)]
  0x0000000017ba0800 JavaThread "Finalizer" daemon [_thread_blocked, id=15812, stack(0x0000000017f80000,0x0000000018080000)]
  0x0000000015c8d800 JavaThread "Reference Handler" daemon [_thread_blocked, id=13472, stack(0x0000000017a80000,0x0000000017b80000)]
  0x000000000310e800 JavaThread "main" [_thread_in_Java, id=14708, stack(0x0000000003110000,0x0000000003210000)]

Other Threads:
  0x0000000015c88000 VMThread [stack: 0x0000000017980000,0x0000000017a80000] [id=5284]
  0x0000000017c46800 WatcherThread [stack: 0x0000000018880000,0x0000000018980000] [id=2760]

VM state:not at safepoint (normal execution)

VM Mutex/Monitor currently owned by a thread: None

Heap:
 PSYoungGen      total 37376K, used 8025K [0x00000000eb980000, 0x00000000ee380000, 0x0000000100000000)
  eden space 31744K, 10% used [0x00000000eb980000,0x00000000ebc9f1a8,0x00000000ed880000)
  from space 5632K, 85% used [0x00000000ede00000,0x00000000ee2b72f8,0x00000000ee380000)
  to   space 5632K, 0% used [0x00000000ed880000,0x00000000ed880000,0x00000000ede00000)
 ParOldGen       total 42496K, used 8549K [0x00000000c2c00000, 0x00000000c5580000, 0x00000000eb980000)
  object space 42496K, 20% used [0x00000000c2c00000,0x00000000c34594d0,0x00000000c5580000)
 Metaspace       used 16138K, capacity 16578K, committed 16896K, reserved 1064960K
  class space    used 2062K, capacity 2238K, committed 2304K, reserved 1048576K

Card table byte_map: [0x00000000126d0000,0x00000000128c0000] byte_map_base: 0x00000000120ba000

Marking Bits: (ParMarkBitMap*) 0x000000005535a6c0
 Begin Bits: [0x0000000013210000, 0x0000000014160000)
 End Bits:   [0x0000000014160000, 0x00000000150b0000)

Polling page: 0x00000000017a0000

CodeCache: size=245760Kb used=6678Kb max_used=6685Kb free=239081Kb
 bounds [0x0000000003310000, 0x00000000039a0000, 0x0000000012310000]
 total_blobs=2432 nmethods=2086 adapters=258
 compilation: enabled

Compilation events (10 events):
Event: 3.968 Thread 0x0000000017bbe000 2082       3       java.lang.reflect.Modifier::isVolatile (13 bytes)
Event: 3.968 Thread 0x0000000017bbe000 nmethod 2082 0x0000000003996150 code [0x00000000039962a0, 0x0000000003996430]
Event: 3.968 Thread 0x0000000017bbe000 2084       3       org.eclipse.sisu.inject.RankedSequence$Itr::hasNext (114 bytes)
Event: 3.969 Thread 0x0000000017bbe000 nmethod 2084 0x0000000003996490 code [0x0000000003996620, 0x0000000003996b48]
Event: 3.969 Thread 0x0000000017bbe000 2085       3       org.eclipse.sisu.inject.LocatedBeans$Itr::hasNext (161 bytes)
Event: 3.970 Thread 0x0000000017bbe000 nmethod 2085 0x0000000003996d10 code [0x0000000003996f40, 0x0000000003997ee8]
Event: 3.970 Thread 0x0000000017bbe000 2083       1       org.eclipse.sisu.inject.RankedBindings::type (5 bytes)
Event: 3.970 Thread 0x0000000017bbe000 nmethod 2083 0x0000000003998450 code [0x00000000039985a0, 0x00000000039986b0]
Event: 3.971 Thread 0x0000000017bbb800 2086       4       java.lang.Character::isHighSurrogate (18 bytes)
Event: 3.971 Thread 0x0000000017bbb800 nmethod 2086 0x000000000398f8d0 code [0x000000000398fa00, 0x000000000398fa58]

GC Heap History (10 events):
Event: 1.701 GC heap before
{Heap before GC invocations=2 (full 0):
 PSYoungGen      total 18432K, used 18418K [0x00000000eb980000, 0x00000000ece00000, 0x0000000100000000)
  eden space 15872K, 100% used [0x00000000eb980000,0x00000000ec900000,0x00000000ec900000)
  from space 2560K, 99% used [0x00000000ec900000,0x00000000ecb7ca50,0x00000000ecb80000)
  to   space 2560K, 0% used [0x00000000ecb80000,0x00000000ecb80000,0x00000000ece00000)
 ParOldGen       total 42496K, used 965K [0x00000000c2c00000, 0x00000000c5580000, 0x00000000eb980000)
  object space 42496K, 2% used [0x00000000c2c00000,0x00000000c2cf15d8,0x00000000c5580000)
 Metaspace       used 9496K, capacity 9746K, committed 10112K, reserved 1058816K
  class space    used 1175K, capacity 1295K, committed 1408K, reserved 1048576K
Event: 1.706 GC heap after
Heap after GC invocations=2 (full 0):
 PSYoungGen      total 18432K, used 2545K [0x00000000eb980000, 0x00000000ece00000, 0x0000000100000000)
  eden space 15872K, 0% used [0x00000000eb980000,0x00000000eb980000,0x00000000ec900000)
  from space 2560K, 99% used [0x00000000ecb80000,0x00000000ecdfc490,0x00000000ece00000)
  to   space 2560K, 0% used [0x00000000ec900000,0x00000000ec900000,0x00000000ecb80000)
 ParOldGen       total 42496K, used 2160K [0x00000000c2c00000, 0x00000000c5580000, 0x00000000eb980000)
  object space 42496K, 5% used [0x00000000c2c00000,0x00000000c2e1c178,0x00000000c5580000)
 Metaspace       used 9496K, capacity 9746K, committed 10112K, reserved 1058816K
  class space    used 1175K, capacity 1295K, committed 1408K, reserved 1048576K
}
Event: 2.114 GC heap before
{Heap before GC invocations=3 (full 0):
 PSYoungGen      total 18432K, used 18417K [0x00000000eb980000, 0x00000000ece00000, 0x0000000100000000)
  eden space 15872K, 100% used [0x00000000eb980000,0x00000000ec900000,0x00000000ec900000)
  from space 2560K, 99% used [0x00000000ecb80000,0x00000000ecdfc490,0x00000000ece00000)
  to   space 2560K, 0% used [0x00000000ec900000,0x00000000ec900000,0x00000000ecb80000)
 ParOldGen       total 42496K, used 2160K [0x00000000c2c00000, 0x00000000c5580000, 0x00000000eb980000)
  object space 42496K, 5% used [0x00000000c2c00000,0x00000000c2e1c178,0x00000000c5580000)
 Metaspace       used 10576K, capacity 10812K, committed 11008K, reserved 1058816K
  class space    used 1304K, capacity 1428K, committed 1536K, reserved 1048576K
Event: 2.120 GC heap after
Heap after GC invocations=3 (full 0):
 PSYoungGen      total 18432K, used 2544K [0x00000000eb980000, 0x00000000ece00000, 0x0000000100000000)
  eden space 15872K, 0% used [0x00000000eb980000,0x00000000eb980000,0x00000000ec900000)
  from space 2560K, 99% used [0x00000000ec900000,0x00000000ecb7c010,0x00000000ecb80000)
  to   space 2560K, 0% used [0x00000000ecb80000,0x00000000ecb80000,0x00000000ece00000)
 ParOldGen       total 42496K, used 3926K [0x00000000c2c00000, 0x00000000c5580000, 0x00000000eb980000)
  object space 42496K, 9% used [0x00000000c2c00000,0x00000000c2fd5928,0x00000000c5580000)
 Metaspace       used 10576K, capacity 10812K, committed 11008K, reserved 1058816K
  class space    used 1304K, capacity 1428K, committed 1536K, reserved 1048576K
}
Event: 2.495 GC heap before
{Heap before GC invocations=4 (full 0):
 PSYoungGen      total 18432K, used 18416K [0x00000000eb980000, 0x00000000ece00000, 0x0000000100000000)
  eden space 15872K, 100% used [0x00000000eb980000,0x00000000ec900000,0x00000000ec900000)
  from space 2560K, 99% used [0x00000000ec900000,0x00000000ecb7c010,0x00000000ecb80000)
  to   space 2560K, 0% used [0x00000000ecb80000,0x00000000ecb80000,0x00000000ece00000)
 ParOldGen       total 42496K, used 3926K [0x00000000c2c00000, 0x00000000c5580000, 0x00000000eb980000)
  object space 42496K, 9% used [0x00000000c2c00000,0x00000000c2fd5928,0x00000000c5580000)
 Metaspace       used 11939K, capacity 12218K, committed 12416K, reserved 1060864K
  class space    used 1479K, capacity 1597K, committed 1664K, reserved 1048576K
Event: 2.503 GC heap after
Heap after GC invocations=4 (full 0):
 PSYoungGen      total 18432K, used 2544K [0x00000000eb980000, 0x00000000edd80000, 0x0000000100000000)
  eden space 15872K, 0% used [0x00000000eb980000,0x00000000eb980000,0x00000000ec900000)
  from space 2560K, 99% used [0x00000000ecb80000,0x00000000ecdfc030,0x00000000ece00000)
  to   space 2560K, 0% used [0x00000000ec900000,0x00000000ec900000,0x00000000ecb80000)
 ParOldGen       total 42496K, used 5962K [0x00000000c2c00000, 0x00000000c5580000, 0x00000000eb980000)
  object space 42496K, 14% used [0x00000000c2c00000,0x00000000c31d2a00,0x00000000c5580000)
 Metaspace       used 11939K, capacity 12218K, committed 12416K, reserved 1060864K
  class space    used 1479K, capacity 1597K, committed 1664K, reserved 1048576K
}
Event: 2.971 GC heap before
{Heap before GC invocations=5 (full 0):
 PSYoungGen      total 18432K, used 18416K [0x00000000eb980000, 0x00000000edd80000, 0x0000000100000000)
  eden space 15872K, 100% used [0x00000000eb980000,0x00000000ec900000,0x00000000ec900000)
  from space 2560K, 99% used [0x00000000ecb80000,0x00000000ecdfc030,0x00000000ece00000)
  to   space 2560K, 0% used [0x00000000ec900000,0x00000000ec900000,0x00000000ecb80000)
 ParOldGen       total 42496K, used 5962K [0x00000000c2c00000, 0x00000000c5580000, 0x00000000eb980000)
  object space 42496K, 14% used [0x00000000c2c00000,0x00000000c31d2a00,0x00000000c5580000)
 Metaspace       used 13698K, capacity 14040K, committed 14208K, reserved 1060864K
  class space    used 1722K, capacity 1893K, committed 1920K, reserved 1048576K
Event: 2.978 GC heap after
Heap after GC invocations=5 (full 0):
 PSYoungGen      total 18432K, used 2544K [0x00000000eb980000, 0x00000000ee380000, 0x0000000100000000)
  eden space 15872K, 0% used [0x00000000eb980000,0x00000000eb980000,0x00000000ec900000)
  from space 2560K, 99% used [0x00000000ec900000,0x00000000ecb7c030,0x00000000ecb80000)
  to   space 5632K, 0% used [0x00000000ede00000,0x00000000ede00000,0x00000000ee380000)
 ParOldGen       total 42496K, used 8541K [0x00000000c2c00000, 0x00000000c5580000, 0x00000000eb980000)
  object space 42496K, 20% used [0x00000000c2c00000,0x00000000c34574d0,0x00000000c5580000)
 Metaspace       used 13698K, capacity 14040K, committed 14208K, reserved 1060864K
  class space    used 1722K, capacity 1893K, committed 1920K, reserved 1048576K
}
Event: 3.776 GC heap before
{Heap before GC invocations=6 (full 0):
 PSYoungGen      total 18432K, used 18416K [0x00000000eb980000, 0x00000000ee380000, 0x0000000100000000)
  eden space 15872K, 100% used [0x00000000eb980000,0x00000000ec900000,0x00000000ec900000)
  from space 2560K, 99% used [0x00000000ec900000,0x00000000ecb7c030,0x00000000ecb80000)
  to   space 5632K, 0% used [0x00000000ede00000,0x00000000ede00000,0x00000000ee380000)
 ParOldGen       total 42496K, used 8541K [0x00000000c2c00000, 0x00000000c5580000, 0x00000000eb980000)
  object space 42496K, 20% used [0x00000000c2c00000,0x00000000c34574d0,0x00000000c5580000)
 Metaspace       used 15729K, capacity 16116K, committed 16256K, reserved 1062912K
  class space    used 2016K, capacity 2171K, committed 2176K, reserved 1048576K
Event: 3.785 GC heap after
Heap after GC invocations=6 (full 0):
 PSYoungGen      total 37376K, used 4828K [0x00000000eb980000, 0x00000000ee380000, 0x0000000100000000)
  eden space 31744K, 0% used [0x00000000eb980000,0x00000000eb980000,0x00000000ed880000)
  from space 5632K, 85% used [0x00000000ede00000,0x00000000ee2b72f8,0x00000000ee380000)
  to   space 5632K, 0% used [0x00000000ed880000,0x00000000ed880000,0x00000000ede00000)
 ParOldGen       total 42496K, used 8549K [0x00000000c2c00000, 0x00000000c5580000, 0x00000000eb980000)
  object space 42496K, 20% used [0x00000000c2c00000,0x00000000c34594d0,0x00000000c5580000)
 Metaspace       used 15729K, capacity 16116K, committed 16256K, reserved 1062912K
  class space    used 2016K, capacity 2171K, committed 2176K, reserved 1048576K
}

Deoptimization events (10 events):
Event: 1.815 Thread 0x000000000310e800 Uncommon trap: reason=unstable_if action=reinterpret pc=0x00000000035e6d40 method=java.util.HashMap.getNode(ILjava/lang/Object;)Ljava/util/HashMap$Node; @ 129
Event: 1.816 Thread 0x000000000310e800 Uncommon trap: reason=unstable_if action=reinterpret pc=0x00000000035e8cb8 method=java.util.HashMap.getNode(ILjava/lang/Object;)Ljava/util/HashMap$Node; @ 129
Event: 1.868 Thread 0x000000000310e800 Uncommon trap: reason=unstable_if action=reinterpret pc=0x0000000003562940 method=sun.misc.MetaIndex.mayContain(Ljava/lang/String;)Z @ 38
Event: 3.127 Thread 0x000000000310e800 Uncommon trap: reason=unstable_if action=reinterpret pc=0x00000000036245d0 method=java.lang.ClassLoader.checkName(Ljava/lang/String;)Z @ 1
Event: 3.317 Thread 0x000000000310e800 Uncommon trap: reason=array_check action=maybe_recompile pc=0x0000000003892284 method=java.util.stream.Nodes$FixedNodeBuilder.accept(Ljava/lang/Object;)V @ 28
Event: 3.317 Thread 0x000000000310e800 Uncommon trap: reason=array_check action=maybe_recompile pc=0x0000000003892284 method=java.util.stream.Nodes$FixedNodeBuilder.accept(Ljava/lang/Object;)V @ 28
Event: 3.317 Thread 0x000000000310e800 Uncommon trap: reason=array_check action=maybe_recompile pc=0x0000000003892284 method=java.util.stream.Nodes$FixedNodeBuilder.accept(Ljava/lang/Object;)V @ 28
Event: 3.317 Thread 0x000000000310e800 Uncommon trap: reason=array_check action=maybe_recompile pc=0x0000000003892284 method=java.util.stream.Nodes$FixedNodeBuilder.accept(Ljava/lang/Object;)V @ 28
Event: 3.753 Thread 0x000000000310e800 Uncommon trap: reason=predicate action=maybe_recompile pc=0x00000000035c6b20 method=sun.net.www.ParseUtil.encodePath(Ljava/lang/String;Z)Ljava/lang/String; @ 36
Event: 3.769 Thread 0x000000000310e800 Uncommon trap: reason=unstable_if action=reinterpret pc=0x0000000003813500 method=java.util.WeakHashMap.expungeStaleEntries()V @ 9

Internal exceptions (10 events):
Event: 1.391 Thread 0x000000000310e800 Exception <a 'java/lang/NoSuchMethodError': java.lang.Object.lambda$comparing$ea9a8b3a$1(Ljava/util/Comparator;Ljava/util/function/Function;Ljava/lang/Object;Ljava/lang/Object;)I> (0x00000000ebd26530) thrown at [C:\re\workspace\8-2-build-windows-amd64-cyg
Event: 1.392 Thread 0x000000000310e800 Exception <a 'java/lang/NoSuchMethodError': java.lang.Object.lambda$thenComparing$36697e65$1(Ljava/util/Comparator;Ljava/lang/Object;Ljava/lang/Object;)I> (0x00000000ebd2e148) thrown at [C:\re\workspace\8-2-build-windows-amd64-cygwin\jdk8u111\7883\hotspot
Event: 1.517 Thread 0x000000000310e800 Exception <a 'java/lang/ArrayIndexOutOfBoundsException'> (0x00000000ec073f90) thrown at [C:\re\workspace\8-2-build-windows-amd64-cygwin\jdk8u111\7883\hotspot\src\share\vm\runtime\sharedRuntime.cpp, line 605]
Event: 1.533 Thread 0x000000000310e800 Exception <a 'java/lang/ArrayIndexOutOfBoundsException'> (0x00000000ec0dddf0) thrown at [C:\re\workspace\8-2-build-windows-amd64-cygwin\jdk8u111\7883\hotspot\src\share\vm\runtime\sharedRuntime.cpp, line 605]
Event: 1.539 Thread 0x000000000310e800 Exception <a 'java/lang/NoClassDefFoundError': javax/enterprise/inject/Typed> (0x00000000ec10d3d0) thrown at [C:\re\workspace\8-2-build-windows-amd64-cygwin\jdk8u111\7883\hotspot\src\share\vm\classfile\systemDictionary.cpp, line 199]
Event: 1.727 Thread 0x000000000310e800 Exception <a 'java/lang/ArrayIndexOutOfBoundsException'> (0x00000000ebb04f70) thrown at [C:\re\workspace\8-2-build-windows-amd64-cygwin\jdk8u111\7883\hotspot\src\share\vm\runtime\sharedRuntime.cpp, line 605]
Event: 1.729 Thread 0x000000000310e800 Exception <a 'java/lang/ArrayIndexOutOfBoundsException'> (0x00000000ebb06b00) thrown at [C:\re\workspace\8-2-build-windows-amd64-cygwin\jdk8u111\7883\hotspot\src\share\vm\runtime\sharedRuntime.cpp, line 605]
Event: 3.127 Thread 0x000000000310e800 Implicit null exception at 0x000000000362440c to 0x00000000036245c1
Event: 3.753 Thread 0x000000000310e800 Exception <a 'java/lang/NoClassDefFoundError': com/google/inject/servlet/ServletModuleTargetVisitor> (0x00000000ec87e930) thrown at [C:\re\workspace\8-2-build-windows-amd64-cygwin\jdk8u111\7883\hotspot\src\share\vm\classfile\systemDictionary.cpp, line 199
Event: 3.753 Thread 0x000000000310e800 Exception <a 'java/lang/NoClassDefFoundError'> (0x00000000ec87e930) thrown at [C:\re\workspace\8-2-build-windows-amd64-cygwin\jdk8u111\7883\hotspot\src\share\vm\prims\jvm.cpp, line 1390]

Events (10 events):
Event: 3.973 loading class java/security/SecureRandom done
Event: 3.973 loading class sun/security/jca/Providers
Event: 3.973 loading class sun/security/jca/Providers done
Event: 3.973 loading class sun/security/jca/ProviderList
Event: 3.973 loading class sun/security/jca/ProviderList done
Event: 3.973 loading class sun/security/jca/ProviderConfig
Event: 3.974 loading class sun/security/jca/ProviderConfig done
Event: 3.974 loading class java/security/Provider
Event: 3.975 loading class java/security/Provider done
Event: 3.975 Executing VM operation: Deoptimize


Dynamic libraries:
0x00007ff6e1a00000 - 0x00007ff6e1a37000 	C:\Program Files\Java\jdk1.8.0_111\bin\java.exe
0x00007ffacb150000 - 0x00007ffacb366000 	C:\WINDOWS\SYSTEM32\ntdll.dll
0x00007ffac96e0000 - 0x00007ffac97a4000 	C:\WINDOWS\System32\KERNEL32.DLL
0x00007ffac8710000 - 0x00007ffac8ab6000 	C:\WINDOWS\System32\KERNELBASE.dll
0x00007ffaca8a0000 - 0x00007ffaca952000 	C:\WINDOWS\System32\ADVAPI32.dll
0x00007ffac90d0000 - 0x00007ffac9177000 	C:\WINDOWS\System32\msvcrt.dll
0x00007ffac98d0000 - 0x00007ffac9978000 	C:\WINDOWS\System32\sechost.dll
0x00007ffac8ac0000 - 0x00007ffac8ae8000 	C:\WINDOWS\System32\bcrypt.dll
0x00007ffac97b0000 - 0x00007ffac98c5000 	C:\WINDOWS\System32\RPCRT4.dll
0x00007ffac9220000 - 0x00007ffac93cd000 	C:\WINDOWS\System32\USER32.dll
0x00007ffac85b0000 - 0x00007ffac85d6000 	C:\WINDOWS\System32\win32u.dll
0x00007ffac9000000 - 0x00007ffac9029000 	C:\WINDOWS\System32\GDI32.dll
0x00007ffac8c10000 - 0x00007ffac8d28000 	C:\WINDOWS\System32\gdi32full.dll
0x00007ffac8490000 - 0x00007ffac852a000 	C:\WINDOWS\System32\msvcp_win.dll
0x00007ffac8af0000 - 0x00007ffac8c01000 	C:\WINDOWS\System32\ucrtbase.dll
0x00007ffaacfd0000 - 0x00007ffaad263000 	C:\WINDOWS\WinSxS\amd64_microsoft.windows.common-controls_6595b64144ccf1df_6.0.22621.3235_none_270f74e173860f98\COMCTL32.dll
0x00007ffacb010000 - 0x00007ffacb041000 	C:\WINDOWS\System32\IMM32.DLL
0x0000000054a60000 - 0x0000000054b32000 	C:\Program Files\Java\jdk1.8.0_111\jre\bin\msvcr100.dll
0x0000000054b40000 - 0x00000000553da000 	C:\Program Files\Java\jdk1.8.0_111\jre\bin\server\jvm.dll
0x00007ffacb100000 - 0x00007ffacb108000 	C:\WINDOWS\System32\PSAPI.DLL
0x00007ffac31f0000 - 0x00007ffac31f9000 	C:\WINDOWS\SYSTEM32\WSOCK32.dll
0x00007ffac0d30000 - 0x00007ffac0d64000 	C:\WINDOWS\SYSTEM32\WINMM.dll
0x00007ffac0c20000 - 0x00007ffac0c2a000 	C:\WINDOWS\SYSTEM32\VERSION.dll
0x00007ffac9030000 - 0x00007ffac90a1000 	C:\WINDOWS\System32\WS2_32.dll
0x0000000054a10000 - 0x0000000054a1f000 	C:\Program Files\Java\jdk1.8.0_111\jre\bin\verify.dll
0x00000000549e0000 - 0x0000000054a09000 	C:\Program Files\Java\jdk1.8.0_111\jre\bin\java.dll
0x00000000549c0000 - 0x00000000549d6000 	C:\Program Files\Java\jdk1.8.0_111\jre\bin\zip.dll
0x00007ffac9ee0000 - 0x00007ffaca73c000 	C:\WINDOWS\System32\SHELL32.dll
0x00007ffac63f0000 - 0x00007ffac6ce8000 	C:\WINDOWS\SYSTEM32\windows.storage.dll
0x00007ffacac80000 - 0x00007ffacb008000 	C:\WINDOWS\System32\combase.dll
0x00007ffac62b0000 - 0x00007ffac63ee000 	C:\WINDOWS\SYSTEM32\wintypes.dll
0x00007ffacab80000 - 0x00007ffacac73000 	C:\WINDOWS\System32\SHCORE.dll
0x00007ffaca740000 - 0x00007ffaca79e000 	C:\WINDOWS\System32\shlwapi.dll
0x00007ffac83c0000 - 0x00007ffac83e6000 	C:\WINDOWS\SYSTEM32\profapi.dll
0x0000000069ac0000 - 0x0000000069ae4000 	C:\Program Files\NetBeans-18\netbeans\java\maven\lib\jansi-native\Windows\x86_64\jansi.dll

VM Arguments:
jvm_args: -Dclassworlds.conf=C:\Program Files\NetBeans-18\netbeans\java\maven\bin\m2.conf -Dmaven.home=C:\Program Files\NetBeans-18\netbeans\java\maven -Dlibrary.jansi.path=C:\Program Files\NetBeans-18\netbeans\java\maven\lib\jansi-native -Dmaven.multiModuleProjectDirectory=E:\_code_hien\Project_JavaWeb\SWP391_NET1703_Wonderland 
java_command: org.codehaus.plexus.classworlds.launcher.Launcher -Dnetbeans.deploy=true -Dexec.vmArgs= -Dexec.appArgs= -Dmaven.ext.class.path=C:\Program Files\NetBeans-18\netbeans\java\maven-nblib\netbeans-eventspy.jar -Dfile.encoding=UTF-8 --no-transfer-progress package
java_class_path (initial): C:\Program Files\NetBeans-18\netbeans\java\maven\boot\plexus-classworlds-2.6.0.jar
Launcher Type: SUN_STANDARD

Environment Variables:
JAVA_HOME=C:\Program Files\Java\jdk1.8.0_111
PATH=C:\Program Files (x86)\VMware\VMware Workstation\bin\;C:\ProgramData\Oracle\Java\javapath;C:\WINDOWS\system32;C:\WINDOWS;C:\WINDOWS\System32\Wbem;C:\WINDOWS\System32\WindowsPowerShell\v1.0\;C:\WINDOWS\System32\OpenSSH\;C:\Program Files\Java\jdk1.8.0_111\bin;C:\Program Files\Microsoft SQL Server\Client SDK\ODBC\170\Tools\Binn\;C:\Program Files (x86)\Microsoft SQL Server\150\Tools\Binn\;C:\Program Files\Microsoft SQL Server\150\Tools\Binn\;C:\Program Files\Microsoft SQL Server\150\DTS\Binn\;C:\Program Files (x86)\Microsoft SQL Server\160\Tools\Binn\;C:\Program Files\Microsoft SQL Server\160\Tools\Binn\;C:\Program Files\Microsoft SQL Server\160\DTS\Binn\;C:\Program Files\Azure Data Studio\bin;C:\Users\Hp\Downloads\apache-maven-3.6.0\bin;C:\Program Files\Git\cmd;C:\Program Files (x86)\Microsoft SQL Server\160\DTS\Binn\;C:\Program Files\dotnet\;C:\Users\Hp\AppData\Local\Microsoft\WindowsApps;C:\Program Files\Java\jdk1.8.0_111\bin;C:\Users\Hp\AppData\Local\Programs\Microsoft VS Code\bin;C:\Program Files\Azure Data Studio\bin;C:\Users\Hp\Downloads\apache-maven-3.6.0\bin;C:\Users\Hp\.dotnet\tools;E:\Program Files\JetBrains\IntelliJ IDEA 2023.3.4\bin;
USERNAME=Hp
OS=Windows_NT
PROCESSOR_IDENTIFIER=Intel64 Family 6 Model 142 Stepping 12, GenuineIntel



---------------  S Y S T E M  ---------------

OS: Windows 10.0 , 64 bit Build 22621 (10.0.22621.3235)

CPU:total 8 (4 cores per cpu, 2 threads per core) family 6 model 142 stepping 12, cmov, cx8, fxsr, mmx, sse, sse2, sse3, ssse3, sse4.1, sse4.2, popcnt, avx, avx2, aes, clmul, erms, 3dnowpref, lzcnt, ht, tsc, tscinvbit, bmi1, bmi2, adx

Memory: 4k page, physical 4012660k(136052k free), swap 16071284k(1676k free)

vm_info: Java HotSpot(TM) 64-Bit Server VM (25.111-b14) for windows-amd64 JRE (1.8.0_111-b14), built on Sep 22 2016 19:24:05 by "java_re" with MS VC++ 10.0 (VS2010)

time: Wed Mar 13 14:24:21 2024
elapsed time: 3 seconds (0d 0h 0m 3s)

